[0510/233147:ERROR:process_info.cc(608)] range at 0xfffde000, size 0x230 fully unreadable
[0510/233152:ERROR:process_reader_win.cc(166)] GetThreadContext: Access is denied. (0x5)
[0510/233152:ERROR:process_reader_win.cc(141)] SuspendThread: Access is denied. (0x5)
[0510/233152:ERROR:process_reader_win.cc(141)] SuspendThread: Access is denied. (0x5)
[0510/233152:ERROR:process_reader_win.cc(141)] SuspendThread: Access is denied. (0x5)
[0510/233152:ERROR:process_reader_win.cc(113)] NtOpenThread: An invalid Client ID was specified.  (0xc000000b)
[0510/233152:ERROR:process_reader_win.cc(113)] NtOpenThread: An invalid Client ID was specified.  (0xc000000b)
[0510/233152:ERROR:process_reader_win.cc(113)] NtOpenThread: An invalid Client ID was specified.  (0xc000000b)
[0510/233152:ERROR:process_reader_win.cc(141)] SuspendThread: Access is denied. (0x5)
[0510/233152:ERROR:process_info.cc(608)] range at 0xfffdd000, size 0xf84 fully unreadable
[0510/233152:ERROR:process_info.cc(608)] range at 0xfffda000, size 0xf84 fully unreadable
[0510/233152:ERROR:process_info.cc(608)] range at 0xfffd7000, size 0xf84 fully unreadable
[0510/233152:ERROR:process_info.cc(608)] range at 0xfffaf000, size 0xf84 fully unreadable
[0510/233152:ERROR:process_info.cc(608)] range at 0xfffac000, size 0xf84 fully unreadable
[0510/233152:ERROR:process_info.cc(608)] range at 0xfffa9000, size 0xf84 fully unreadable
[0510/233152:ERROR:exception_snapshot_win.cc(57)] thread ID 12056 not found in process
[0510/233152:WARNING:crash_report_exception_handler.cc(60)] ProcessSnapshotWin::InitializeException failed
[0511/014756:ERROR:process_info.cc(608)] range at 0xfffde000, size 0x230 fully unreadable
[0511/014756:ERROR:process_info.cc(608)] range at 0xfffdd000, size 0xf84 fully unreadable
[0511/014756:ERROR:process_info.cc(608)] range at 0xfffda000, size 0xf84 fully unreadable
[0511/014756:ERROR:process_info.cc(608)] range at 0xfffd7000, size 0xf84 fully unreadable
[0511/014756:ERROR:process_info.cc(608)] range at 0xfffaf000, size 0xf84 fully unreadable
[0511/014756:ERROR:process_info.cc(608)] range at 0xfffac000, size 0xf84 fully unreadable
[0511/014756:ERROR:process_info.cc(608)] range at 0xfffa9000, size 0xf84 fully unreadable
[0511/014756:ERROR:process_info.cc(608)] range at 0xfffa6000, size 0xf84 fully unreadable
[0511/014756:ERROR:process_info.cc(608)] range at 0xfffa3000, size 0xf84 fully unreadable
[0511/014756:ERROR:process_info.cc(608)] range at 0xfffa0000, size 0xf84 fully unreadable
[0511/014756:ERROR:process_info.cc(608)] range at 0xfff94000, size 0xf84 fully unreadable
[0511/014756:ERROR:process_info.cc(608)] range at 0xfff91000, size 0xf84 fully unreadable
[0511/014756:ERROR:process_info.cc(608)] range at 0xfff8e000, size 0xf84 fully unreadable
[0511/014756:ERROR:process_info.cc(608)] range at 0xfff8b000, size 0xf84 fully unreadable
[0511/014756:ERROR:process_info.cc(608)] range at 0xfff88000, size 0xf84 fully unreadable
[0511/014756:ERROR:process_info.cc(608)] range at 0xfff85000, size 0xf84 fully unreadable
[0511/014756:ERROR:process_info.cc(608)] range at 0xfff97000, size 0xf84 fully unreadable
[0511/014756:ERROR:process_info.cc(608)] range at 0xfff9d000, size 0xf84 fully unreadable
[0511/014756:ERROR:process_info.cc(608)] range at 0xfff9a000, size 0xf84 fully unreadable
[0511/014756:ERROR:process_info.cc(608)] range at 0xfff82000, size 0xf84 fully unreadable
[0511/163934:ERROR:process_info.cc(608)] range at 0xfffde000, size 0x230 fully unreadable
[0511/163940:ERROR:process_reader_win.cc(141)] SuspendThread: Access is denied. (0x5)
[0511/163940:ERROR:process_reader_win.cc(141)] SuspendThread: Access is denied. (0x5)
[0511/163940:ERROR:process_reader_win.cc(141)] SuspendThread: Access is denied. (0x5)
[0511/163940:ERROR:process_reader_win.cc(141)] SuspendThread: Access is denied. (0x5)
[0511/163940:ERROR:process_reader_win.cc(141)] SuspendThread: Access is denied. (0x5)
[0511/163940:ERROR:exception_snapshot_win.cc(57)] thread ID 504 not found in process
[0511/163940:WARNING:crash_report_exception_handler.cc(60)] ProcessSnapshotWin::InitializeException failed
